Virtual User Script started at: 20.09.2020 22:21:03	[MsgId: MMSG-15967]
Starting action vuser_init.	[MsgId: MMSG-15919]
Web Turbo Replay of LoadRunner 2020.0.0 for Windows 10; build 793 (ноя 27 2019 19:51:20)  	[MsgId: MMSG-26983]
Run mode: HTML  	[MsgId: MMSG-26993]
Replay user agent: Mozilla/5.0 (Windows NT 10.0; Win64; x64) AppleWebKit/537.36 (KHTML, like Gecko) Chrome/85.0.4183.102 Safari/537.36  	[MsgId: MMSG-26988]
Runtime Settings file: "C:\Users\1пк\AppData\Local\Temp\lr5tmpdirA5G.832\lrcfgX4P.833\cfg78M.840"  	[MsgId: MMSG-27141]
Ending action vuser_init.	[MsgId: MMSG-15918]
Running Vuser...	[MsgId: MMSG-15964]
Starting iteration 1.	[MsgId: MMSG-15968]
Maximum number of concurrent connections per server: 6  	[MsgId: MMSG-26989]
Starting action Action.	[MsgId: MMSG-15919]
Action.c(3): Notify: Transaction "UC4_CheckTicketPrice" started.	[MsgId: MMSG-16999]
Action.c(5): Notify: Transaction "gotosite" started.	[MsgId: MMSG-16999]
Action.c(7): web_set_sockets_option started  	[MsgId: MMSG-26355]
Action.c(7): web_set_sockets_option was successful  	[MsgId: MMSG-26392]
Action.c(9): web_add_auto_header("Sec-Fetch-Site") started  	[MsgId: MMSG-26355]
Action.c(9): web_add_auto_header("Sec-Fetch-Site") was successful  	[MsgId: MMSG-26392]
Action.c(12): web_add_auto_header("Sec-Fetch-Dest") started  	[MsgId: MMSG-26355]
Action.c(12): web_add_auto_header("Sec-Fetch-Dest") was successful  	[MsgId: MMSG-26392]
Action.c(15): web_add_auto_header("Sec-Fetch-Mode") started  	[MsgId: MMSG-26355]
Action.c(15): web_add_auto_header("Sec-Fetch-Mode") was successful  	[MsgId: MMSG-26392]
Action.c(18): web_add_auto_header("Sec-Fetch-User") started  	[MsgId: MMSG-26355]
Action.c(18): web_add_auto_header("Sec-Fetch-User") was successful  	[MsgId: MMSG-26392]
Action.c(21): web_add_auto_header("Upgrade-Insecure-Requests") started  	[MsgId: MMSG-26355]
Action.c(21): web_add_auto_header("Upgrade-Insecure-Requests") was successful  	[MsgId: MMSG-26392]
Action.c(30): web_reg_save_param_attrib started  	[MsgId: MMSG-26355]
Action.c(30): Registering web_reg_save_param_attrib was successful  	[MsgId: MMSG-26390]
Action.c(40): web_reg_find started  	[MsgId: MMSG-26355]
Action.c(40): Registering web_reg_find was successful  	[MsgId: MMSG-26390]
Action.c(44): web_url("WebTours") started  	[MsgId: MMSG-26355]
Action.c(44): Error -27792: Failed to connect to server "localhost:1080": [10061] Connection refused  	[MsgId: MERR-27792]
Action.c(44): Notify: Saving Parameter "userSession = ".	[MsgId: MMSG-13798]
Action.c(44): Error -35048: No match found for the requested parameter "userSession". Check whether the tag with specific attributes exists in the response data  	[MsgId: MERR-35048]
Action.c(44): Error -26366: "Text=A Session ID has been created and loaded into a cookie called MSO." not found for web_reg_find  	[MsgId: MERR-26366]
Action.c(44): Error -26374: The above "not found" error(s) may be explained by header and body byte counts being 0 and 0, respectively.  	[MsgId: MERR-26374]
Action.c(44): web_url("WebTours") highest severity level was "ERROR", 0 body bytes, 0 header bytes  	[MsgId: MMSG-26388]
Action.c(44): Notify: Transaction "gotosite" ended with a "Fail" status (Duration: 2,0163 Wasted Time: 0,0023).	[MsgId: MMSG-16871]
Action.c(44): Notify: Transaction "gotosite" has 3 error message(s).	[MsgId: MMSG-16818]
Action.c(44): Notify: The 1st error message associated with transaction "gotosite" is "Error -27792: Failed to connect to server "localhost:1080": [10061] Connection refused"	[MsgId: MMSG-16819]
Action.c(44): Notify: The 2nd error message associated with transaction "gotosite" is "Error -26366: "Text=A Session ID has been created and loaded into a cookie called MSO." not found for web_reg_find"	[MsgId: MMSG-16819]
Action.c(44): Notify: The 3rd error message associated with transaction "gotosite" is "Error -26374: The above "not found" error(s) may be explained by header and body byte counts being 0 and 0, respectively."	[MsgId: MMSG-16819]
Action.c(44): Notify: Transaction "UC4_CheckTicketPrice" ended with a "Fail" status (Duration: 2,0163 Wasted Time: 0,0023).	[MsgId: MMSG-16871]
Action.c(44): Notify: Transaction "UC4_CheckTicketPrice" has 3 error message(s).	[MsgId: MMSG-16818]
Action.c(44): Notify: The 1st error message associated with transaction "UC4_CheckTicketPrice" is "Error -27792: Failed to connect to server "localhost:1080": [10061] Connection refused"	[MsgId: MMSG-16819]
Action.c(44): Notify: The 2nd error message associated with transaction "UC4_CheckTicketPrice" is "Error -26366: "Text=A Session ID has been created and loaded into a cookie called MSO." not found for web_reg_find"	[MsgId: MMSG-16819]
Action.c(44): Notify: The 3rd error message associated with transaction "UC4_CheckTicketPrice" is "Error -26374: The above "not found" error(s) may be explained by header and body byte counts being 0 and 0, respectively."	[MsgId: MMSG-16819]
Ending action Action.	[MsgId: MMSG-15918]
Ending iteration 1.	[MsgId: MMSG-15965]
Waiting 72,9810 seconds for iteration pacing.	[MsgId: MMSG-15996]
Starting iteration 2.	[MsgId: MMSG-15968]
Notify: Next row for parameter arrive = 2 [table  = arrive].	[MsgId: MMSG-13876]
Notify: Getting new value for parameter 'arrive': table = 'departandarrive.dat' column = '1' row = '2'.	[MsgId: MMSG-13877]
Notify: Next row for parameter seatPref = 2 [table  = seatPref].	[MsgId: MMSG-13876]
Notify: Getting new value for parameter 'seatPref': table = 'seatPref.dat' column = '0' row = '2'.	[MsgId: MMSG-13877]
Notify: Next row for parameter seatType = 2 [table  = seatType].	[MsgId: MMSG-13876]
Notify: Getting new value for parameter 'seatType': table = 'seatType.dat' column = '0' row = '2'.	[MsgId: MMSG-13877]
Notify: Next row for parameter depart = 2 [table  = depart].	[MsgId: MMSG-13876]
Notify: Getting new value for parameter 'depart': table = 'departandarrive.dat' column = '0' row = '2'.	[MsgId: MMSG-13877]
Notify: Next row for parameter numPassengers = 4 [table  = numPassengers].	[MsgId: MMSG-13876]
Notify: Getting new value for parameter 'numPassengers': table = 'numPassengers.dat' column = '0' row = '4'.	[MsgId: MMSG-13877]
Notify: Next row for parameter login = 2 [table  = login].	[MsgId: MMSG-13876]
Notify: Getting new value for parameter 'login': table = 'login.dat' column = '1' row = '2'.	[MsgId: MMSG-13877]
Notify: Next row for parameter password = 2 [table  = password].	[MsgId: MMSG-13876]
Notify: Getting new value for parameter 'password': table = 'login.dat' column = '0' row = '2'.	[MsgId: MMSG-13877]
Notify: Next row for parameter advanceDiscount = 2 [table  = advanceDiscount].	[MsgId: MMSG-13876]
Notify: Getting new value for parameter 'advanceDiscount': table = 'login.dat' column = '8' row = '2'.	[MsgId: MMSG-13877]
Starting action Action.	[MsgId: MMSG-15919]
Action.c(3): Notify: Transaction "UC4_CheckTicketPrice" started.	[MsgId: MMSG-16999]
Action.c(5): Notify: Transaction "gotosite" started.	[MsgId: MMSG-16999]
Action.c(7): web_set_sockets_option started  	[MsgId: MMSG-26355]
Action.c(7): web_set_sockets_option was successful  	[MsgId: MMSG-26392]
Action.c(9): web_add_auto_header("Sec-Fetch-Site") started  	[MsgId: MMSG-26355]
Action.c(9): web_add_auto_header("Sec-Fetch-Site") was successful  	[MsgId: MMSG-26392]
Action.c(12): web_add_auto_header("Sec-Fetch-Dest") started  	[MsgId: MMSG-26355]
Action.c(12): web_add_auto_header("Sec-Fetch-Dest") was successful  	[MsgId: MMSG-26392]
Action.c(15): web_add_auto_header("Sec-Fetch-Mode") started  	[MsgId: MMSG-26355]
Action.c(15): web_add_auto_header("Sec-Fetch-Mode") was successful  	[MsgId: MMSG-26392]
Action.c(18): web_add_auto_header("Sec-Fetch-User") started  	[MsgId: MMSG-26355]
Action.c(18): web_add_auto_header("Sec-Fetch-User") was successful  	[MsgId: MMSG-26392]
Action.c(21): web_add_auto_header("Upgrade-Insecure-Requests") started  	[MsgId: MMSG-26355]
Action.c(21): web_add_auto_header("Upgrade-Insecure-Requests") was successful  	[MsgId: MMSG-26392]
Action.c(30): web_reg_save_param_attrib started  	[MsgId: MMSG-26355]
Action.c(30): Registering web_reg_save_param_attrib was successful  	[MsgId: MMSG-26390]
Action.c(40): web_reg_find started  	[MsgId: MMSG-26355]
Action.c(40): Registering web_reg_find was successful  	[MsgId: MMSG-26390]
Action.c(44): web_url("WebTours") started  	[MsgId: MMSG-26355]
Action.c(44): Error -27792: Failed to connect to server "localhost:1080": [10061] Connection refused  	[MsgId: MERR-27792]
Action.c(44): Notify: Saving Parameter "userSession = ".	[MsgId: MMSG-13798]
Action.c(44): Error -35048: No match found for the requested parameter "userSession". Check whether the tag with specific attributes exists in the response data  	[MsgId: MERR-35048]
Action.c(44): Error -26366: "Text=A Session ID has been created and loaded into a cookie called MSO." not found for web_reg_find  	[MsgId: MERR-26366]
Action.c(44): Error -26374: The above "not found" error(s) may be explained by header and body byte counts being 0 and 0, respectively.  	[MsgId: MERR-26374]
Action.c(44): web_url("WebTours") highest severity level was "ERROR", 0 body bytes, 0 header bytes  	[MsgId: MMSG-26388]
Action.c(44): Notify: Transaction "gotosite" ended with a "Fail" status (Duration: 2,0064 Wasted Time: 0,0006).	[MsgId: MMSG-16871]
Action.c(44): Notify: Transaction "gotosite" has 3 error message(s).	[MsgId: MMSG-16818]
Action.c(44): Notify: The 1st error message associated with transaction "gotosite" is "Error -27792: Failed to connect to server "localhost:1080": [10061] Connection refused"	[MsgId: MMSG-16819]
Action.c(44): Notify: The 2nd error message associated with transaction "gotosite" is "Error -26366: "Text=A Session ID has been created and loaded into a cookie called MSO." not found for web_reg_find"	[MsgId: MMSG-16819]
Action.c(44): Notify: The 3rd error message associated with transaction "gotosite" is "Error -26374: The above "not found" error(s) may be explained by header and body byte counts being 0 and 0, respectively."	[MsgId: MMSG-16819]
Action.c(44): Notify: Transaction "UC4_CheckTicketPrice" ended with a "Fail" status (Duration: 2,0065 Wasted Time: 0,0006).	[MsgId: MMSG-16871]
Action.c(44): Notify: Transaction "UC4_CheckTicketPrice" has 3 error message(s).	[MsgId: MMSG-16818]
Action.c(44): Notify: The 1st error message associated with transaction "UC4_CheckTicketPrice" is "Error -27792: Failed to connect to server "localhost:1080": [10061] Connection refused"	[MsgId: MMSG-16819]
Action.c(44): Notify: The 2nd error message associated with transaction "UC4_CheckTicketPrice" is "Error -26366: "Text=A Session ID has been created and loaded into a cookie called MSO." not found for web_reg_find"	[MsgId: MMSG-16819]
Action.c(44): Notify: The 3rd error message associated with transaction "UC4_CheckTicketPrice" is "Error -26374: The above "not found" error(s) may be explained by header and body byte counts being 0 and 0, respectively."	[MsgId: MMSG-16819]
Ending action Action.	[MsgId: MMSG-15918]
Ending iteration 2.	[MsgId: MMSG-15965]
Waiting 72,9910 seconds for iteration pacing.	[MsgId: MMSG-15996]
Action was aborted.	[MsgId: MMSG-10694]
Ending Vuser...	[MsgId: MMSG-15966]
Starting action vuser_end.	[MsgId: MMSG-15919]
Ending action vuser_end.	[MsgId: MMSG-15918]
Vuser Terminated.	[MsgId: MMSG-15963]
Vuser 0 (thread 1976), ended OK."	[MsgId: MMSG-10695]
